TN:
SF:interfaces\ImageLibrary.js
FN:6,(anonymous_0)
FN:16,(anonymous_1)
FN:25,(anonymous_2)
FN:37,(anonymous_3)
FN:46,(anonymous_4)
FN:54,(anonymous_5)
FN:67,(anonymous_6)
FN:74,(anonymous_7)
FN:109,(anonymous_8)
FN:121,(anonymous_9)
FN:141,(anonymous_10)
FNF:11
FNH:10
FNDA:71,(anonymous_0)
FNDA:51,(anonymous_1)
FNDA:451,(anonymous_2)
FNDA:29,(anonymous_3)
FNDA:22,(anonymous_4)
FNDA:137,(anonymous_5)
FNDA:357,(anonymous_6)
FNDA:71,(anonymous_7)
FNDA:20,(anonymous_8)
FNDA:80,(anonymous_9)
FNDA:0,(anonymous_10)
DA:7,71
DA:8,71
DA:17,51
DA:18,6
DA:21,45
DA:24,45
DA:25,451
DA:26,28
DA:30,17
DA:38,29
DA:47,22
DA:48,5
DA:51,17
DA:53,17
DA:54,137
DA:55,14
DA:59,3
DA:68,357
DA:76,71
DA:81,71
DA:87,71
DA:93,71
DA:99,71
DA:110,20
DA:111,20
DA:114,20
DA:121,20
DA:122,80
DA:123,80
DA:124,0
DA:127,0
DA:131,20
DA:134,0
DA:142,0
DA:143,0
LF:35
LH:30
BRDA:17,0,0,6
BRDA:17,0,1,45
BRDA:17,1,0,51
BRDA:17,1,1,48
BRDA:25,2,0,28
BRDA:25,2,1,116
BRDA:47,3,0,5
BRDA:47,3,1,17
BRDA:47,4,0,22
BRDA:47,4,1,19
BRDA:54,5,0,14
BRDA:54,5,1,34
BRDA:123,6,0,0
BRDA:123,6,1,80
BRDA:123,7,0,80
BRDA:123,7,1,0
BRF:16
BRH:14
end_of_record
TN:
SF:interfaces\InterventionRepository.js
FN:10,(anonymous_0)
FN:23,(anonymous_1)
FN:50,(anonymous_2)
FN:59,(anonymous_3)
FN:67,(anonymous_4)
FN:75,(anonymous_5)
FN:84,(anonymous_6)
FN:101,(anonymous_7)
FN:112,(anonymous_8)
FN:139,(anonymous_9)
FN:149,(anonymous_10)
FN:168,(anonymous_11)
FNF:12
FNH:11
FNDA:51,(anonymous_0)
FNDA:33,(anonymous_1)
FNDA:15,(anonymous_2)
FNDA:6,(anonymous_3)
FNDA:1,(anonymous_4)
FNDA:7,(anonymous_5)
FNDA:53,(anonymous_6)
FNDA:1,(anonymous_7)
FNDA:20,(anonymous_8)
FNDA:20,(anonymous_9)
FNDA:80,(anonymous_10)
FNDA:0,(anonymous_11)
DA:11,51
DA:12,51
DA:13,51
DA:15,51
DA:24,33
DA:25,33
DA:26,3
DA:29,30
DA:30,30
DA:31,29
DA:33,28
DA:35,5
DA:38,5
DA:51,15
DA:60,6
DA:68,1
DA:76,7
DA:77,2
DA:86,53
DA:89,53
DA:102,1
DA:103,1
DA:104,1
DA:105,1
DA:113,20
DA:114,20
DA:117,20
DA:118,20
DA:122,20
DA:123,20
DA:127,20
DA:129,20
DA:132,0
DA:140,20
DA:142,20
DA:149,20
DA:150,80
DA:151,80
DA:152,0
DA:155,0
DA:160,0
DA:169,0
DA:170,0
DA:173,0
DA:176,0
DA:178,0
DA:181,0
LF:47
LH:37
BRDA:25,0,0,3
BRDA:25,0,1,30
BRDA:25,1,0,33
BRDA:25,1,1,32
BRDA:41,2,0,4
BRDA:41,2,1,1
BRDA:76,3,0,2
BRDA:76,3,1,5
BRDA:76,4,0,7
BRDA:76,4,1,4
BRDA:76,4,2,3
BRDA:117,5,0,20
BRDA:117,5,1,0
BRDA:117,6,0,20
BRDA:117,6,1,20
BRDA:122,7,0,20
BRDA:122,7,1,0
BRDA:122,8,0,20
BRDA:122,8,1,20
BRDA:151,9,0,0
BRDA:151,9,1,80
BRDA:151,10,0,80
BRDA:151,10,1,0
BRF:23
BRH:19
end_of_record
TN:
SF:interfaces\TextLibrary.js
FN:6,(anonymous_0)
FN:15,(anonymous_1)
FN:28,(anonymous_2)
FN:36,(anonymous_3)
FN:46,(anonymous_4)
FN:55,(anonymous_5)
FN:62,(anonymous_6)
FN:80,(anonymous_7)
FN:87,(anonymous_8)
FN:96,(anonymous_9)
FN:107,(anonymous_10)
FNF:11
FNH:11
FNDA:72,(anonymous_0)
FNDA:81,(anonymous_1)
FNDA:3,(anonymous_2)
FNDA:10,(anonymous_3)
FNDA:8,(anonymous_4)
FNDA:8,(anonymous_5)
FNDA:74,(anonymous_6)
FNDA:4,(anonymous_7)
FNDA:1,(anonymous_8)
FNDA:20,(anonymous_9)
FNDA:60,(anonymous_10)
DA:7,72
DA:8,72
DA:16,81
DA:17,2
DA:20,79
DA:21,79
DA:29,3
DA:37,10
DA:38,4
DA:47,8
DA:56,8
DA:63,74
DA:74,74
DA:81,4
DA:88,1
DA:89,1
DA:97,20
DA:98,20
DA:101,20
DA:107,20
DA:108,60
DA:109,60
DA:110,0
DA:113,0
DA:117,20
DA:120,0
LF:26
LH:23
BRDA:16,0,0,2
BRDA:16,0,1,79
BRDA:37,1,0,4
BRDA:37,1,1,6
BRDA:37,2,0,10
BRDA:37,2,1,7
BRDA:37,2,2,5
BRDA:56,3,0,8
BRDA:56,3,1,5
BRDA:56,3,2,3
BRDA:109,4,0,0
BRDA:109,4,1,60
BRDA:109,5,0,60
BRDA:109,5,1,0
BRF:14
BRH:12
end_of_record
TN:
SF:models\FoodInput.js
FN:10,(anonymous_0)
FN:19,(anonymous_1)
FN:27,(anonymous_2)
FNF:3
FNH:3
FNDA:49,(anonymous_0)
FNDA:66,(anonymous_1)
FNDA:70,(anonymous_2)
DA:11,49
DA:12,49
DA:20,66
DA:28,70
LF:4
LH:4
BRDA:20,0,0,66
BRDA:20,0,1,62
BRDA:20,0,2,62
BRDA:28,1,0,67
BRDA:28,1,1,3
BRF:5
BRH:5
end_of_record
TN:
SF:models\InterventionContent.js
FN:12,(anonymous_0)
FN:23,(anonymous_1)
FN:31,(anonymous_2)
FNF:3
FNH:3
FNDA:44,(anonymous_0)
FNDA:33,(anonymous_1)
FNDA:2,(anonymous_2)
DA:13,44
DA:14,44
DA:15,44
DA:16,44
DA:24,33
DA:32,2
LF:6
LH:6
BRDA:24,0,0,33
BRDA:24,0,1,31
BRDA:24,0,2,30
BRF:3
BRH:3
end_of_record
TN:
SF:models\InterventionState.js
FN:24,(anonymous_0)
FN:34,(anonymous_1)
FN:47,(anonymous_2)
FN:57,(anonymous_3)
FN:71,(anonymous_4)
FNF:5
FNH:5
FNDA:44,(anonymous_0)
FNDA:85,(anonymous_1)
FNDA:37,(anonymous_2)
FNDA:89,(anonymous_3)
FNDA:40,(anonymous_4)
DA:5,3
DA:25,44
DA:26,44
DA:35,85
DA:36,79
DA:37,79
DA:38,79
DA:40,6
DA:48,37
DA:58,89
DA:65,89
DA:72,40
DA:73,40
LF:13
LH:13
BRDA:35,0,0,79
BRDA:35,0,1,6
BRDA:65,1,0,89
BRDA:65,1,1,89
BRF:4
BRH:4
end_of_record
TN:
SF:viewmodels\InterventionViewModel.js
FN:10,(anonymous_0)
FN:41,(anonymous_1)
FN:55,(anonymous_2)
FN:92,(anonymous_3)
FN:139,(anonymous_4)
FN:198,(anonymous_5)
FN:213,(anonymous_6)
FN:239,(anonymous_7)
FN:246,(anonymous_8)
FN:278,(anonymous_9)
FN:288,(anonymous_10)
FN:307,(anonymous_11)
FN:341,(anonymous_12)
FN:355,(anonymous_13)
FN:374,(anonymous_14)
FN:377,(anonymous_15)
FN:391,(anonymous_16)
FN:421,(anonymous_17)
FN:437,(anonymous_18)
FN:457,(anonymous_19)
FN:459,(anonymous_20)
FN:472,(anonymous_21)
FN:500,(anonymous_22)
FN:519,(anonymous_23)
FN:535,(anonymous_24)
FN:543,(anonymous_25)
FN:551,(anonymous_26)
FN:559,(anonymous_27)
FN:567,(anonymous_28)
FN:575,(anonymous_29)
FN:583,(anonymous_30)
FN:592,(anonymous_31)
FN:602,(anonymous_32)
FN:613,(anonymous_33)
FN:627,(anonymous_34)
FN:629,(anonymous_35)
FN:643,(anonymous_36)
FNF:37
FNH:34
FNDA:29,(anonymous_0)
FNDA:29,(anonymous_1)
FNDA:33,(anonymous_2)
FNDA:29,(anonymous_3)
FNDA:25,(anonymous_4)
FNDA:0,(anonymous_5)
FNDA:2,(anonymous_6)
FNDA:4,(anonymous_7)
FNDA:3,(anonymous_8)
FNDA:3,(anonymous_9)
FNDA:8,(anonymous_10)
FNDA:31,(anonymous_11)
FNDA:31,(anonymous_12)
FNDA:217,(anonymous_13)
FNDA:31,(anonymous_14)
FNDA:124,(anonymous_15)
FNDA:20,(anonymous_16)
FNDA:20,(anonymous_17)
FNDA:0,(anonymous_18)
FNDA:20,(anonymous_19)
FNDA:80,(anonymous_20)
FNDA:8,(anonymous_21)
FNDA:8,(anonymous_22)
FNDA:62,(anonymous_23)
FNDA:23,(anonymous_24)
FNDA:17,(anonymous_25)
FNDA:14,(anonymous_26)
FNDA:19,(anonymous_27)
FNDA:6,(anonymous_28)
FNDA:9,(anonymous_29)
FNDA:68,(anonymous_30)
FNDA:0,(anonymous_31)
FNDA:8,(anonymous_32)
FNDA:1,(anonymous_33)
FNDA:99,(anonymous_34)
FNDA:9,(anonymous_35)
FNDA:2,(anonymous_36)
DA:12,29
DA:15,29
DA:18,29
DA:21,29
DA:24,29
DA:27,29
DA:35,29
DA:42,29
DA:44,29
DA:46,0
DA:56,33
DA:58,33
DA:61,33
DA:62,4
DA:63,4
DA:67,29
DA:70,29
DA:71,4
DA:75,25
DA:78,25
DA:80,25
DA:82,0
DA:83,0
DA:93,29
DA:94,1
DA:95,1
DA:98,28
DA:101,28
DA:102,0
DA:103,0
DA:107,28
DA:108,2
DA:109,2
DA:113,26
DA:114,0
DA:115,0
DA:119,26
DA:120,26
DA:121,1
DA:122,1
DA:126,25
DA:127,25
DA:128,0
DA:129,0
DA:132,25
DA:140,25
DA:142,25
DA:144,25
DA:145,0
DA:149,25
DA:150,0
DA:153,0
DA:154,0
DA:156,0
DA:157,0
DA:162,25
DA:165,25
DA:168,25
DA:170,25
DA:177,0
DA:180,0
DA:181,0
DA:182,0
DA:183,0
DA:184,0
DA:186,0
DA:188,0
DA:199,0
DA:201,0
DA:214,2
DA:216,2
DA:217,0
DA:218,0
DA:221,2
DA:222,2
DA:223,0
DA:224,0
DA:228,2
DA:230,0
DA:231,0
DA:240,4
DA:247,3
DA:248,3
DA:251,3
DA:259,3
DA:265,3
DA:267,3
DA:270,0
DA:279,3
DA:280,3
DA:282,0
DA:289,8
DA:290,8
DA:293,8
DA:296,8
DA:299,0
DA:308,31
DA:309,31
DA:312,31
DA:315,31
DA:318,31
DA:321,31
DA:324,31
DA:325,31
DA:329,31
DA:331,31
DA:334,0
DA:342,31
DA:344,31
DA:355,31
DA:356,217
DA:357,217
DA:358,0
DA:359,0
DA:362,0
DA:367,0
DA:375,31
DA:377,31
DA:383,0
DA:392,20
DA:393,20
DA:396,20
DA:399,20
DA:400,20
DA:401,20
DA:406,20
DA:409,20
DA:411,20
DA:414,0
DA:422,20
DA:424,20
DA:425,0
DA:426,0
DA:429,0
DA:437,0
DA:438,0
DA:439,0
DA:440,0
DA:441,0
DA:443,0
DA:450,0
DA:458,20
DA:459,20
DA:460,80
DA:462,20
DA:464,0
DA:473,8
DA:474,8
DA:477,8
DA:480,8
DA:481,8
DA:485,8
DA:488,8
DA:490,8
DA:493,0
DA:501,8
DA:506,8
DA:507,8
DA:511,0
DA:520,62
DA:521,62
DA:522,60
DA:527,2
DA:536,23
DA:544,17
DA:552,14
DA:560,19
DA:568,6
DA:576,9
DA:577,9
DA:584,68
DA:593,0
DA:594,0
DA:603,8
DA:604,8
DA:614,1
DA:615,1
DA:616,1
DA:617,1
DA:628,99
DA:629,99
DA:630,9
DA:631,9
DA:633,0
DA:644,2
LF:185
LH:128
BRDA:61,0,0,4
BRDA:61,0,1,29
BRDA:61,1,0,33
BRDA:61,1,1,29
BRDA:70,2,0,4
BRDA:70,2,1,25
BRDA:93,3,0,1
BRDA:93,3,1,28
BRDA:93,4,0,29
BRDA:93,4,1,29
BRDA:101,5,0,0
BRDA:101,5,1,28
BRDA:101,6,0,28
BRDA:101,6,1,28
BRDA:107,7,0,2
BRDA:107,7,1,26
BRDA:113,8,0,0
BRDA:113,8,1,26
BRDA:120,9,0,1
BRDA:120,9,1,25
BRDA:127,10,0,0
BRDA:127,10,1,25
BRDA:144,11,0,0
BRDA:144,11,1,25
BRDA:144,12,0,25
BRDA:144,12,1,25
BRDA:149,13,0,0
BRDA:149,13,1,25
BRDA:149,14,0,25
BRDA:149,14,1,25
BRDA:153,15,0,0
BRDA:153,15,1,0
BRDA:156,16,0,0
BRDA:156,16,1,0
BRDA:204,17,0,0
BRDA:204,17,1,0
BRDA:216,18,0,0
BRDA:216,18,1,2
BRDA:216,19,0,2
BRDA:216,19,1,2
BRDA:222,20,0,0
BRDA:222,20,1,2
BRDA:253,21,0,3
BRDA:253,21,1,0
BRDA:279,22,0,3
BRDA:279,22,1,0
BRDA:279,23,0,3
BRDA:279,23,1,3
BRDA:324,24,0,31
BRDA:324,24,1,0
BRDA:357,25,0,0
BRDA:357,25,1,217
BRDA:357,26,0,217
BRDA:357,26,1,0
BRDA:399,27,0,20
BRDA:399,27,1,0
BRDA:400,28,0,20
BRDA:400,28,1,0
BRDA:424,29,0,0
BRDA:424,29,1,20
BRDA:424,30,0,20
BRDA:424,30,1,0
BRDA:426,31,0,0
BRDA:426,31,1,0
BRDA:438,32,0,0
BRDA:438,32,1,0
BRDA:480,33,0,8
BRDA:480,33,1,0
BRDA:506,34,0,8
BRDA:506,34,1,0
BRDA:521,35,0,60
BRDA:521,35,1,2
BRDA:594,36,0,0
BRDA:594,36,1,0
BRDA:603,37,0,8
BRDA:603,37,1,0
BRDA:614,38,0,1
BRDA:614,38,1,0
BRDA:616,39,0,1
BRDA:616,39,1,0
BRDA:628,40,0,99
BRDA:628,40,1,0
BRF:82
BRH:48
end_of_record
