TN:
SF:interfaces\ImageLibrary.js
FN:6,(anonymous_0)
FN:16,(anonymous_1)
FN:25,(anonymous_2)
FN:37,(anonymous_3)
FN:46,(anonymous_4)
FN:54,(anonymous_5)
FN:67,(anonymous_6)
FN:74,(anonymous_7)
FNF:8
FNH:8
FNDA:42,(anonymous_0)
FNDA:26,(anonymous_1)
FNDA:182,(anonymous_2)
FNDA:17,(anonymous_3)
FNDA:21,(anonymous_4)
FNDA:136,(anonymous_5)
FNDA:212,(anonymous_6)
FNDA:42,(anonymous_7)
DA:7,42
DA:8,42
DA:17,26
DA:18,6
DA:21,20
DA:24,20
DA:25,182
DA:26,15
DA:30,5
DA:38,17
DA:47,21
DA:48,5
DA:51,16
DA:53,16
DA:54,136
DA:55,13
DA:59,3
DA:68,212
DA:76,42
DA:81,42
DA:87,42
DA:93,42
DA:99,42
LF:23
LH:23
BRDA:17,0,0,6
BRDA:17,0,1,20
BRDA:17,1,0,26
BRDA:17,1,1,23
BRDA:25,2,0,15
BRDA:25,2,1,45
BRDA:47,3,0,5
BRDA:47,3,1,16
BRDA:47,4,0,21
BRDA:47,4,1,18
BRDA:54,5,0,13
BRDA:54,5,1,34
BRF:12
BRH:12
end_of_record
TN:
SF:interfaces\InterventionRepository.js
FN:10,(anonymous_0)
FN:23,(anonymous_1)
FN:50,(anonymous_2)
FN:59,(anonymous_3)
FN:67,(anonymous_4)
FN:75,(anonymous_5)
FN:84,(anonymous_6)
FN:101,(anonymous_7)
FNF:8
FNH:8
FNDA:22,(anonymous_0)
FNDA:8,(anonymous_1)
FNDA:2,(anonymous_2)
FNDA:5,(anonymous_3)
FNDA:1,(anonymous_4)
FNDA:7,(anonymous_5)
FNDA:24,(anonymous_6)
FNDA:1,(anonymous_7)
DA:11,22
DA:12,22
DA:13,22
DA:15,22
DA:24,8
DA:25,8
DA:26,3
DA:29,5
DA:30,5
DA:31,4
DA:33,3
DA:35,5
DA:38,5
DA:51,2
DA:60,5
DA:68,1
DA:76,7
DA:77,2
DA:86,24
DA:89,24
DA:102,1
DA:103,1
DA:104,1
DA:105,1
LF:24
LH:24
BRDA:25,0,0,3
BRDA:25,0,1,5
BRDA:25,1,0,8
BRDA:25,1,1,7
BRDA:41,2,0,4
BRDA:41,2,1,1
BRDA:76,3,0,2
BRDA:76,3,1,5
BRDA:76,4,0,7
BRDA:76,4,1,4
BRDA:76,4,2,3
BRF:11
BRH:11
end_of_record
TN:
SF:interfaces\TextLibrary.js
FN:6,(anonymous_0)
FN:15,(anonymous_1)
FN:28,(anonymous_2)
FN:36,(anonymous_3)
FN:46,(anonymous_4)
FN:55,(anonymous_5)
FN:62,(anonymous_6)
FN:80,(anonymous_7)
FN:87,(anonymous_8)
FNF:9
FNH:9
FNDA:43,(anonymous_0)
FNDA:56,(anonymous_1)
FNDA:3,(anonymous_2)
FNDA:10,(anonymous_3)
FNDA:8,(anonymous_4)
FNDA:8,(anonymous_5)
FNDA:45,(anonymous_6)
FNDA:4,(anonymous_7)
FNDA:1,(anonymous_8)
DA:7,43
DA:8,43
DA:16,56
DA:17,2
DA:20,54
DA:21,54
DA:29,3
DA:37,10
DA:38,4
DA:47,8
DA:56,8
DA:63,45
DA:74,45
DA:81,4
DA:88,1
DA:89,1
LF:16
LH:16
BRDA:16,0,0,2
BRDA:16,0,1,54
BRDA:37,1,0,4
BRDA:37,1,1,6
BRDA:37,2,0,10
BRDA:37,2,1,7
BRDA:37,2,2,5
BRDA:56,3,0,8
BRDA:56,3,1,5
BRDA:56,3,2,3
BRF:10
BRH:10
end_of_record
TN:
SF:models\FoodInput.js
FN:10,(anonymous_0)
FN:19,(anonymous_1)
FN:27,(anonymous_2)
FNF:3
FNH:3
FNDA:20,(anonymous_0)
FNDA:11,(anonymous_1)
FNDA:12,(anonymous_2)
DA:11,20
DA:12,20
DA:20,11
DA:28,12
LF:4
LH:4
BRDA:20,0,0,11
BRDA:20,0,1,7
BRDA:20,0,2,7
BRDA:28,1,0,9
BRDA:28,1,1,3
BRF:5
BRH:5
end_of_record
TN:
SF:models\InterventionContent.js
FN:12,(anonymous_0)
FN:23,(anonymous_1)
FN:31,(anonymous_2)
FNF:3
FNH:3
FNDA:19,(anonymous_0)
FNDA:6,(anonymous_1)
FNDA:2,(anonymous_2)
DA:13,19
DA:14,19
DA:15,19
DA:16,19
DA:24,6
DA:32,2
LF:6
LH:6
BRDA:24,0,0,6
BRDA:24,0,1,4
BRDA:24,0,2,3
BRF:3
BRH:3
end_of_record
TN:
SF:models\InterventionState.js
FN:24,(anonymous_0)
FN:34,(anonymous_1)
FN:47,(anonymous_2)
FN:57,(anonymous_3)
FN:71,(anonymous_4)
FNF:5
FNH:5
FNDA:15,(anonymous_0)
FNDA:23,(anonymous_1)
FNDA:11,(anonymous_2)
FNDA:27,(anonymous_3)
FNDA:1,(anonymous_4)
DA:5,1
DA:25,15
DA:26,15
DA:35,23
DA:36,19
DA:37,19
DA:38,19
DA:40,4
DA:48,11
DA:58,27
DA:65,27
DA:72,1
DA:73,1
LF:13
LH:13
BRDA:35,0,0,19
BRDA:35,0,1,4
BRDA:65,1,0,27
BRDA:65,1,1,27
BRF:4
BRH:4
end_of_record
